#
# A fatal error has been detected by the Java Runtime Environment:
#
#  Internal Error (javaClasses.cpp:129), pid=3524, tid=1732
#  fatal error: Invalid layout of preloaded class
#
# JRE version: 7.0_11-b21
# Java VM: Java HotSpot(TM) Client VM (23.6-b04 mixed mode windows-x86 )
# Failed to write core dump. Minidumps are not enabled by default on client versions of Windows
#
# If you would like to submit a bug report, please visit:
#   http://bugreport.sun.com/bugreport/crash.jsp
#

---------------  T H R E A D  ---------------

Current thread (0x0039ac00):  JavaThread "Unknown thread" [_thread_in_vm, id=1732, stack(0x002d0000,0x00320000)]

Stack: [0x002d0000,0x00320000],  sp=0x0031f34c,  free space=316k
Native frames: (J=compiled Java code, j=interpreted, Vv=VM code, C=native code)
V  [jvm.dll+0x16f311]
V  [jvm.dll+0x1694c6]
V  [jvm.dll+0x2082f]
V  [jvm.dll+0x208b6]
V  [jvm.dll+0x2e64d]
V  [jvm.dll+0x2e8f9]
V  [jvm.dll+0x77d01]
V  [jvm.dll+0x780bb]
V  [jvm.dll+0x129101]
V  [jvm.dll+0x149baa]
V  [jvm.dll+0xa997f]
C  [javaw.exe+0x13ca]
C  [javaw.exe+0x1e3c]
C  [javaw.exe+0xa5e3]
C  [javaw.exe+0xa66d]
C  [kernel32.dll+0x13677]  BaseThreadInitThunk+0x12
C  [ntdll.dll+0x39d72]  RtlInitializeExceptionChain+0x63
C  [ntdll.dll+0x39d45]  RtlInitializeExceptionChain+0x36


---------------  P R O C E S S  ---------------

Java Threads: ( => current thread )

Other Threads:

=>0x0039ac00 (exited) JavaThread "Unknown thread" [_thread_in_vm, id=1732, stack(0x002d0000,0x00320000)]

VM state:not at safepoint (not fully initialized)

VM Mutex/Monitor currently owned by a thread: None

GC Heap History (0 events):
No events

Deoptimization events (0 events):
No events

Internal exceptions (0 events):
No events

Events (10 events):
Event: 0.100 loading class 0x004b6aa0 done
Event: 0.100 loading class 0x004b60f8 done
Event: 0.100 loading class 0x004b60d0
Event: 0.142 loading class 0x0052f9d0
Event: 0.143 loading class 0x0052f9d0 done
Event: 0.143 loading class 0x0052fa08
Event: 0.143 loading class 0x0052fa08 done
Event: 0.143 loading class 0x00531580
Event: 0.143 loading class 0x00531580 done
Event: 0.143 loading class 0x004b60d0 done


Dynamic libraries:
0x00990000 - 0x009bf000 	C:\Program Files (x86)\Java\jre7\bin\javaw.exe
0x77490000 - 0x77610000 	C:\Windows\SysWOW64\ntdll.dll
0x75ee0000 - 0x75fe0000 	C:\Windows\syswow64\kernel32.dll
0x76410000 - 0x76456000 	C:\Windows\syswow64\KERNELBASE.dll
0x76800000 - 0x768a0000 	C:\Windows\syswow64\ADVAPI32.dll
0x76950000 - 0x769fc000 	C:\Windows\syswow64\msvcrt.dll
0x768a0000 - 0x768b9000 	C:\Windows\SysWOW64\sechost.dll
0x75fe0000 - 0x760d0000 	C:\Windows\syswow64\RPCRT4.dll
0x75000000 - 0x75060000 	C:\Windows\syswow64\SspiCli.dll
0x74ff0000 - 0x74ffc000 	C:\Windows\syswow64\CRYPTBASE.dll
0x76b60000 - 0x76c60000 	C:\Windows\syswow64\USER32.dll
0x76d20000 - 0x76db0000 	C:\Windows\syswow64\GDI32.dll
0x77460000 - 0x7746a000 	C:\Windows\syswow64\LPK.dll
0x76560000 - 0x765fd000 	C:\Windows\syswow64\USP10.dll
0x74bb0000 - 0x74d4e000 	C:\Windows\WinSxS\x86_microsoft.windows.common-controls_6595b64144ccf1df_6.0.7600.16385_none_421189da2b7fabfc\COMCTL32.dll
0x76cc0000 - 0x76d17000 	C:\Windows\syswow64\SHLWAPI.dll
0x768c0000 - 0x76920000 	C:\Windows\system32\IMM32.DLL
0x76dd0000 - 0x76e9c000 	C:\Windows\syswow64\MSCTF.dll
0x5fb40000 - 0x5fbfe000 	C:\Program Files (x86)\Java\jre7\bin\msvcr100.dll
0x5e400000 - 0x5e74c000 	C:\Program Files (x86)\Java\jre7\bin\client\jvm.dll
0x74ef0000 - 0x74ef7000 	C:\Windows\system32\WSOCK32.dll
0x76ea0000 - 0x76ed5000 	C:\Windows\syswow64\WS2_32.dll
0x76790000 - 0x76796000 	C:\Windows\syswow64\NSI.dll
0x74de0000 - 0x74e12000 	C:\Windows\system32\WINMM.dll
0x76cb0000 - 0x76cb5000 	C:\Windows\syswow64\PSAPI.DLL
0x74570000 - 0x7457c000 	C:\Program Files (x86)\Java\jre7\bin\verify.dll
0x737e0000 - 0x73800000 	C:\Program Files (x86)\Java\jre7\bin\java.dll
0x70010000 - 0x70023000 	C:\Program Files (x86)\Java\jre7\bin\zip.dll
0x71380000 - 0x7146b000 	C:\Windows\system32\dbghelp.dll

VM Arguments:
jvm_args: -Dfile.encoding=Cp1252 -Xbootclasspath:E:\sdk\platforms\android-19\android.jar 
java_command: com.javacodegeeks.androidphysicalkeysexample.Calculator
Launcher Type: SUN_STANDARD

Environment Variables:
JAVA_HOME=C:\Program Files\Java\jdk1.8.0_66
PATH=C:/Program Files (x86)/Java/jre7/bin/client;C:/Program Files (x86)/Java/jre7/bin;C:/Program Files (x86)/Java/jre7/lib/i386;C:\ProgramData\Oracle\Java\javapath;C:\Program Files (x86)\Intel\iCLS Client\;C:\Program Files\Intel\iCLS Client\;C:\Windows\system32;C:\Windows;C:\Windows\System32\Wbem;C:\Windows\System32\WindowsPowerShell\v1.0\;C:\Program Files\Intel\Intel(R) Management Engine Components\DAL;C:\Program Files\Intel\Intel(R) Management Engine Components\IPT;C:\Program Files (x86)\Intel\Intel(R) Management Engine Components\DAL;C:\Program Files (x86)\Intel\Intel(R) Management Engine Components\IPT;C:\Program Files (x86)\MySQL\MySQL Server 5.5\bin;C:\Program Files\TortoiseSVN\bin;C:\Program Files\nodejs\;C:\Program Files\Java\jdk1.8.0_66\bin;C:\Program Files (x86)\Git\cmd;C:\Program Files (x86)\Java\jdk1.7.0_11\bin;C:\Users\Tammina\AppData\Roaming\npm;C:\Program Files\Java\jdk1.8.0_66\bin;E:\eclipse-jee-luna-SR1-win32_Updated\eclipse-jee-luna-SR1-win32\eclipse;
USERNAME=Tammina
OS=Windows_NT
PROCESSOR_IDENTIFIER=Intel64 Family 6 Model 42 Stepping 7, GenuineIntel



---------------  S Y S T E M  ---------------

OS: Windows 7 , 64 bit Build 7600 

CPU:total 2 (2 cores per cpu, 1 threads per core) family 6 model 42 stepping 7, cmov, cx8, fxsr, mmx, sse, sse2, sse3, ssse3, sse4.1, sse4.2, popcnt, tsc, tscinvbit

Memory: 4k page, physical 3890232k(150328k free), swap 7778544k(2650004k free)

vm_info: Java HotSpot(TM) Client VM (23.6-b04) for windows-x86 JRE (1.7.0_11-b21), built on Jan 12 2013 02:19:22 by "java_re" with unknown MS VC++:1600

time: Fri Feb 12 13:04:24 2016
elapsed time: 0 seconds

